<html>
<head>
<title>TestNG:  Scenario 3 Test Cases</title>
<link href="../testng.css" rel="stylesheet" type="text/css" />
<link href="../my-testng.css" rel="stylesheet" type="text/css" />

<style type="text/css">
.log { display: none;} 
.stack-trace { display: none;} 
</style>
<script type="text/javascript">
<!--
function flip(e) {
  current = e.style.display;
  if (current == 'block') {
    e.style.display = 'none';
    return 0;
  }
  else {
    e.style.display = 'block';
    return 1;
  }
}

function toggleBox(szDivId, elem, msg1, msg2)
{
  var res = -1;  if (document.getElementById) {
    res = flip(document.getElementById(szDivId));
  }
  else if (document.all) {
    // this is the way old msie versions work
    res = flip(document.all[szDivId]);
  }
  if(elem) {
    if(res == 0) elem.innerHTML = msg1; else elem.innerHTML = msg2;
  }

}

function toggleAllBoxes() {
  if (document.getElementsByTagName) {
    d = document.getElementsByTagName('div');
    for (i = 0; i < d.length; i++) {
      if (d[i].className == 'log') {
        flip(d[i]);
      }
    }
  }
}

// -->
</script>

</head>
<body>
<h2 align='center'>Scenario 3 Test Cases</h2><table border='1' align="center">
<tr>
<td>Tests passed/Failed/Skipped:</td><td>5/1/1</td>
</tr><tr>
<td>Started on:</td><td>Tue Aug 07 16:12:15 IST 2018</td>
</tr>
<tr><td>Total time:</td><td>31 seconds (31844 ms)</td>
</tr><tr>
<td>Included groups:</td><td></td>
</tr><tr>
<td>Excluded groups:</td><td></td>
</tr>
</table><p/>
<small><i>(Hover the method name to see the test class name)</i></small><p/>
<table width='100%' border='1' class='invocation-failed'>
<tr><td colspan='4' align='center'><b>FAILED TESTS</b></td></tr>
<tr><td><b>Test method</b></td>
<td width="30%"><b>Exception</b></td>
<td width="10%"><b>Time (seconds)</b></td>
<td><b>Instance</b></td>
</tr>
<tr>
<td title='com.r1v2.backend.pagebuilder.module.ScenarioSpecialPage.testPG_6()'><b>testPG_6</b><br>Test class: com.r1v2.backend.pagebuilder.module.ScenarioSpecialPage<br/>
<a href="#Output-660144865" onClick='toggleBox("Output-660144865", this, "Show output", "Hide output");'>Show output</a>

<a href="#Output-660144865" onClick="toggleAllBoxes();">Show all outputs</a>
<div class='log' id="Output-660144865">
<br>[Ljava.lang.String;@126254ec is present<br/>
<br>Clicked on <br/>
</div>
</td>
<td><div><pre>java.lang.AssertionError:  Responsive Content  data  passing on Responsive Editor  expected [true] but found [false]
	at org.testng.Assert.fail(Assert.java:96)
	at org.testng.Assert.failNotEquals(Assert.java:776)
	at org.testng.Assert.assertEqualsImpl(Assert.java:137)
	at org.testng.Assert.assertEquals(Assert.java:118)
	at org.testng.Assert.assertEquals(Assert.java:568)
	at com.r1v2.backend.pagebuilder.module.ScenarioSpecialPage.testPG_6(ScenarioSpecialPage.java:95)
	at sun.reflect.NativeMethodAccessorImpl.invoke0(Native Method)
	at sun.reflect.NativeMethodAccessorImpl.invoke(NativeMethodAccessorImpl.java:62)
	at sun.reflect.DelegatingMethodAccessorImpl.invoke(DelegatingMethodAccessorImpl.java:43)
	at java.lang.reflect.Method.invoke(Method.java:497)
	at org.testng.internal.MethodInvocationHelper.invokeMethod(MethodInvocationHelper.java:124)
	at org.testng.internal.Invoker.invokeMethod(Invoker.java:583)
	at org.testng.internal.Invoker.invokeTestMethod(Invoker.java:719)
	at org.testng.internal.Invoker.invokeTestMethods(Invoker.java:989)
	at org.testng.internal.TestMethodWorker.invokeTestMethods(TestMethodWorker.java:125)
	at org.testng.internal.TestMethodWorker.run(TestMethodWorker.java:109)
	at org.testng.TestRunner.privateRun(TestRunner.java:648)
	at org.testng.TestRunner.run(TestRunner.java:505)
	at org.testng.SuiteRunner.runTest(SuiteRunner.java:455)
	at org.testng.SuiteRunner.runSequentially(SuiteRunner.java:450)
	at org.testng.SuiteRunner.privateRun(SuiteRunner.java:415)
	at org.testng.SuiteRunner.run(SuiteRunner.java:364)
	at org.testng.SuiteRunnerWorker.runSuite(SuiteRunnerWorker.java:52)
	at org.testng.SuiteRunnerWorker.run(SuiteRunnerWorker.java:84)
	at org.testng.TestNG.runSuitesSequentially(TestNG.java:1208)
	at org.testng.TestNG.runSuitesLocally(TestNG.java:1137)
	at org.testng.TestNG.runSuites(TestNG.java:1049)
	at org.testng.TestNG.run(TestNG.java:1017)
	at org.testng.remote.AbstractRemoteTestNG.run(AbstractRemoteTestNG.java:114)
	at org.testng.remote.RemoteTestNG.initAndRun(RemoteTestNG.java:251)
	at org.testng.remote.RemoteTestNG.main(RemoteTestNG.java:77)
</pre></div><a href='#' onClick='toggleBox("stack-trace660144865", this, "Click to show all stack frames", "Click to hide stack frames")'>Click to show all stack frames</a>
<div class='stack-trace' id='stack-trace660144865'><pre>java.lang.AssertionError:  Responsive Content  data  passing on Responsive Editor  expected [true] but found [false]
	at org.testng.Assert.fail(Assert.java:96)
	at org.testng.Assert.failNotEquals(Assert.java:776)
	at org.testng.Assert.assertEqualsImpl(Assert.java:137)
	at org.testng.Assert.assertEquals(Assert.java:118)
	at org.testng.Assert.assertEquals(Assert.java:568)
	at com.r1v2.backend.pagebuilder.module.ScenarioSpecialPage.testPG_6(ScenarioSpecialPage.java:95)
	at sun.reflect.NativeMethodAccessorImpl.invoke0(Native Method)
	at sun.reflect.NativeMethodAccessorImpl.invoke(NativeMethodAccessorImpl.java:62)
	at sun.reflect.DelegatingMethodAccessorImpl.invoke(DelegatingMethodAccessorImpl.java:43)
	at java.lang.reflect.Method.invoke(Method.java:497)
	at org.testng.internal.MethodInvocationHelper.invokeMethod(MethodInvocationHelper.java:124)
	at org.testng.internal.Invoker.invokeMethod(Invoker.java:583)
	at org.testng.internal.Invoker.invokeTestMethod(Invoker.java:719)
	at org.testng.internal.Invoker.invokeTestMethods(Invoker.java:989)
	at org.testng.internal.TestMethodWorker.invokeTestMethods(TestMethodWorker.java:125)
	at org.testng.internal.TestMethodWorker.run(TestMethodWorker.java:109)
	at org.testng.TestRunner.privateRun(TestRunner.java:648)
	at org.testng.TestRunner.run(TestRunner.java:505)
	at org.testng.SuiteRunner.runTest(SuiteRunner.java:455)
	at org.testng.SuiteRunner.runSequentially(SuiteRunner.java:450)
	at org.testng.SuiteRunner.privateRun(SuiteRunner.java:415)
	at org.testng.SuiteRunner.run(SuiteRunner.java:364)
	at org.testng.SuiteRunnerWorker.runSuite(SuiteRunnerWorker.java:52)
	at org.testng.SuiteRunnerWorker.run(SuiteRunnerWorker.java:84)
	at org.testng.TestNG.runSuitesSequentially(TestNG.java:1208)
	at org.testng.TestNG.runSuitesLocally(TestNG.java:1137)
	at org.testng.TestNG.runSuites(TestNG.java:1049)
	at org.testng.TestNG.run(TestNG.java:1017)
	at org.testng.remote.AbstractRemoteTestNG.run(AbstractRemoteTestNG.java:114)
	at org.testng.remote.RemoteTestNG.initAndRun(RemoteTestNG.java:251)
	at org.testng.remote.RemoteTestNG.main(RemoteTestNG.java:77)
</pre></div></td>
<td>5</td>
<td>com.r1v2.backend.pagebuilder.module.ScenarioSpecialPage@76f2b07d</td></tr>
</table><p>
<table width='100%' border='1' class='invocation-passed'>
<tr><td colspan='4' align='center'><b>PASSED TESTS</b></td></tr>
<tr><td><b>Test method</b></td>
<td width="30%"><b>Exception</b></td>
<td width="10%"><b>Time (seconds)</b></td>
<td><b>Instance</b></td>
</tr>
<tr>
<td title='com.r1v2.backend.pagebuilder.module.ScenarioSpecialPage.testPG_1()'><b>testPG_1</b><br>Test class: com.r1v2.backend.pagebuilder.module.ScenarioSpecialPage<br/>
<a href="#Output-472479895" onClick='toggleBox("Output-472479895", this, "Show output", "Hide output");'>Show output</a>

<a href="#Output-472479895" onClick="toggleAllBoxes();">Show all outputs</a>
<div class='log' id="Output-472479895">
<br>[Ljava.lang.String;@1a7cb3a4 is present<br/>
<br>Clicked on Select Organization<br/>
<br>[Ljava.lang.String;@39e53bef is present<br/>
<br>Clicked on Site List<br/>
<br>[Ljava.lang.String;@6f38f084 is present<br/>
<br>Entered value nissancelaya.stg-izdemosite.com<br/>
<br>[Ljava.lang.String;@37775bb1 is present<br/>
<br>Clicked on NISSAN AUTOCOM CELAYA<br/>
<br>[Ljava.lang.String;@2616b618 is present<br/>
<br>Clicked on Site Builder<br/>
<br>[Ljava.lang.String;@5a4464c5 is present<br/>
<br>Clicked on Page Builder<br/>
<br>[Ljava.lang.String;@2bfc2f8b is present<br/>
<br>Clicked on Add new Page<br/>
</div>
</td>
<td></td>
<td>14</td>
<td>com.r1v2.backend.pagebuilder.module.ScenarioSpecialPage@76f2b07d</td></tr>
<tr>
<td title='com.r1v2.backend.pagebuilder.module.ScenarioSpecialPage.testPG_10()'><b>testPG_10</b><br>Test class: com.r1v2.backend.pagebuilder.module.ScenarioSpecialPage<br/>
<a href="#Output-1743224658" onClick='toggleBox("Output-1743224658", this, "Show output", "Hide output");'>Show output</a>

<a href="#Output-1743224658" onClick="toggleAllBoxes();">Show all outputs</a>
<div class='log' id="Output-1743224658">
<br>[Ljava.lang.String;@919086 is present<br/>
<br>Element Displayed <br/>
<br>CampaignPage Page RadioButton default is  selected on  PageBuilder page<br/>
<br>[Ljava.lang.String;@2084e65a is present<br/>
<br>Clicked on <br/>
<br>CampaignPage Page RadioButton  is  selected on  PageBuilder page<br/>
</div>
</td>
<td></td>
<td>0</td>
<td>com.r1v2.backend.pagebuilder.module.ScenarioSpecialPage@76f2b07d</td></tr>
<tr>
<td title='com.r1v2.backend.pagebuilder.module.ScenarioSpecialPage.testPG_11()'><b>testPG_11</b><br>Test class: com.r1v2.backend.pagebuilder.module.ScenarioSpecialPage<br/>
<a href="#Output-712949255" onClick='toggleBox("Output-712949255", this, "Show output", "Hide output");'>Show output</a>

<a href="#Output-712949255" onClick="toggleAllBoxes();">Show all outputs</a>
<div class='log' id="Output-712949255">
<br>[Ljava.lang.String;@1cc41b77 is present<br/>
<br>Element Displayed *<br/>
<br>Field is mandatory<br/>
<br>[Ljava.lang.String;@46702c26 is present<br/>
<br>Clicked on <br/>
<br>Alert Popup is Display<br/>
<br>[Ljava.lang.String;@606b53a3 is present<br/>
<br>Entered value special-pageus<br/>
<br>[Ljava.lang.String;@52f43225 is present<br/>
<br>Element Displayed *<br/>
<br>Field is mandatory<br/>
<br>[Ljava.lang.String;@37cf91d8 is present<br/>
<br>Clicked on <br/>
<br>Alert Popup is Display<br/>
<br>[Ljava.lang.String;@40c28b0d is present<br/>
<br>Entered value special-page-us<br/>
</div>
</td>
<td></td>
<td>0</td>
<td>com.r1v2.backend.pagebuilder.module.ScenarioSpecialPage@76f2b07d</td></tr>
<tr>
<td title='com.r1v2.backend.pagebuilder.module.ScenarioSpecialPage.testPG_12()'><b>testPG_12</b><br>Test class: com.r1v2.backend.pagebuilder.module.ScenarioSpecialPage<br/>
<a href="#Output-1106675375" onClick='toggleBox("Output-1106675375", this, "Show output", "Hide output");'>Show output</a>

<a href="#Output-1106675375" onClick="toggleAllBoxes();">Show all outputs</a>
<div class='log' id="Output-1106675375">
<br>[Ljava.lang.String;@4407b042 is present<br/>
</div>
</td>
<td></td>
<td>0</td>
<td>com.r1v2.backend.pagebuilder.module.ScenarioSpecialPage@76f2b07d</td></tr>
<tr>
<td title='com.r1v2.backend.pagebuilder.module.ScenarioSpecialPage.testPG_7()'><b>testPG_7</b><br>Test class: com.r1v2.backend.pagebuilder.module.ScenarioSpecialPage<br/>
<a href="#Output-1655972870" onClick='toggleBox("Output-1655972870", this, "Show output", "Hide output");'>Show output</a>

<a href="#Output-1655972870" onClick="toggleAllBoxes();">Show all outputs</a>
<div class='log' id="Output-1655972870">
<br>[Ljava.lang.String;@1dbc607d is present<br/>
<br>Clicked on Logout<br/>
</div>
</td>
<td></td>
<td>0</td>
<td>com.r1v2.backend.pagebuilder.module.ScenarioSpecialPage@76f2b07d</td></tr>
</table><p>
<table width='100%' border='1' class='invocation-skipped'>
<tr><td colspan='4' align='center'><b>SKIPPED TESTS</b></td></tr>
<tr><td><b>Test method</b></td>
<td width="30%"><b>Exception</b></td>
<td width="10%"><b>Time (seconds)</b></td>
<td><b>Instance</b></td>
</tr>
<tr>
<td title='com.r1v2.backend.pagebuilder.module.ScenarioSpecialPage.testPG_5()'><b>testPG_5</b><br>Test class: com.r1v2.backend.pagebuilder.module.ScenarioSpecialPage</td>
<td><div><pre>org.testng.SkipException: Skipping this Method
	at com.r1v2.backend.pagebuilder.module.ScenarioSpecialPage.testPG_5(ScenarioSpecialPage.java:87)
	at sun.reflect.NativeMethodAccessorImpl.invoke0(Native Method)
	at sun.reflect.NativeMethodAccessorImpl.invoke(NativeMethodAccessorImpl.java:62)
	at sun.reflect.DelegatingMethodAccessorImpl.invoke(DelegatingMethodAccessorImpl.java:43)
	at java.lang.reflect.Method.invoke(Method.java:497)
	at org.testng.internal.MethodInvocationHelper.invokeMethod(MethodInvocationHelper.java:124)
	at org.testng.internal.Invoker.invokeMethod(Invoker.java:583)
	at org.testng.internal.Invoker.invokeTestMethod(Invoker.java:719)
	at org.testng.internal.Invoker.invokeTestMethods(Invoker.java:989)
	at org.testng.internal.TestMethodWorker.invokeTestMethods(TestMethodWorker.java:125)
	at org.testng.internal.TestMethodWorker.run(TestMethodWorker.java:109)
	at org.testng.TestRunner.privateRun(TestRunner.java:648)
	at org.testng.TestRunner.run(TestRunner.java:505)
	at org.testng.SuiteRunner.runTest(SuiteRunner.java:455)
	at org.testng.SuiteRunner.runSequentially(SuiteRunner.java:450)
	at org.testng.SuiteRunner.privateRun(SuiteRunner.java:415)
	at org.testng.SuiteRunner.run(SuiteRunner.java:364)
	at org.testng.SuiteRunnerWorker.runSuite(SuiteRunnerWorker.java:52)
	at org.testng.SuiteRunnerWorker.run(SuiteRunnerWorker.java:84)
	at org.testng.TestNG.runSuitesSequentially(TestNG.java:1208)
	at org.testng.TestNG.runSuitesLocally(TestNG.java:1137)
	at org.testng.TestNG.runSuites(TestNG.java:1049)
	at org.testng.TestNG.run(TestNG.java:1017)
	at org.testng.remote.AbstractRemoteTestNG.run(AbstractRemoteTestNG.java:114)
	at org.testng.remote.RemoteTestNG.initAndRun(RemoteTestNG.java:251)
	at org.testng.remote.RemoteTestNG.main(RemoteTestNG.java:77)
</pre></div><a href='#' onClick='toggleBox("stack-trace1330798099", this, "Click to show all stack frames", "Click to hide stack frames")'>Click to show all stack frames</a>
<div class='stack-trace' id='stack-trace1330798099'><pre>org.testng.SkipException: Skipping this Method
	at com.r1v2.backend.pagebuilder.module.ScenarioSpecialPage.testPG_5(ScenarioSpecialPage.java:87)
	at sun.reflect.NativeMethodAccessorImpl.invoke0(Native Method)
	at sun.reflect.NativeMethodAccessorImpl.invoke(NativeMethodAccessorImpl.java:62)
	at sun.reflect.DelegatingMethodAccessorImpl.invoke(DelegatingMethodAccessorImpl.java:43)
	at java.lang.reflect.Method.invoke(Method.java:497)
	at org.testng.internal.MethodInvocationHelper.invokeMethod(MethodInvocationHelper.java:124)
	at org.testng.internal.Invoker.invokeMethod(Invoker.java:583)
	at org.testng.internal.Invoker.invokeTestMethod(Invoker.java:719)
	at org.testng.internal.Invoker.invokeTestMethods(Invoker.java:989)
	at org.testng.internal.TestMethodWorker.invokeTestMethods(TestMethodWorker.java:125)
	at org.testng.internal.TestMethodWorker.run(TestMethodWorker.java:109)
	at org.testng.TestRunner.privateRun(TestRunner.java:648)
	at org.testng.TestRunner.run(TestRunner.java:505)
	at org.testng.SuiteRunner.runTest(SuiteRunner.java:455)
	at org.testng.SuiteRunner.runSequentially(SuiteRunner.java:450)
	at org.testng.SuiteRunner.privateRun(SuiteRunner.java:415)
	at org.testng.SuiteRunner.run(SuiteRunner.java:364)
	at org.testng.SuiteRunnerWorker.runSuite(SuiteRunnerWorker.java:52)
	at org.testng.SuiteRunnerWorker.run(SuiteRunnerWorker.java:84)
	at org.testng.TestNG.runSuitesSequentially(TestNG.java:1208)
	at org.testng.TestNG.runSuitesLocally(TestNG.java:1137)
	at org.testng.TestNG.runSuites(TestNG.java:1049)
	at org.testng.TestNG.run(TestNG.java:1017)
	at org.testng.remote.AbstractRemoteTestNG.run(AbstractRemoteTestNG.java:114)
	at org.testng.remote.RemoteTestNG.initAndRun(RemoteTestNG.java:251)
	at org.testng.remote.RemoteTestNG.main(RemoteTestNG.java:77)
</pre></div></td>
<td>0</td>
<td>com.r1v2.backend.pagebuilder.module.ScenarioSpecialPage@76f2b07d</td></tr>
</table><p>
</body>
</html>