<html>
<head>
<title>TestNG:  Scenario 2 Test Cases</title>
<link href="../testng.css" rel="stylesheet" type="text/css" />
<link href="../my-testng.css" rel="stylesheet" type="text/css" />

<style type="text/css">
.log { display: none;} 
.stack-trace { display: none;} 
</style>
<script type="text/javascript">
<!--
function flip(e) {
  current = e.style.display;
  if (current == 'block') {
    e.style.display = 'none';
    return 0;
  }
  else {
    e.style.display = 'block';
    return 1;
  }
}

function toggleBox(szDivId, elem, msg1, msg2)
{
  var res = -1;  if (document.getElementById) {
    res = flip(document.getElementById(szDivId));
  }
  else if (document.all) {
    // this is the way old msie versions work
    res = flip(document.all[szDivId]);
  }
  if(elem) {
    if(res == 0) elem.innerHTML = msg1; else elem.innerHTML = msg2;
  }

}

function toggleAllBoxes() {
  if (document.getElementsByTagName) {
    d = document.getElementsByTagName('div');
    for (i = 0; i < d.length; i++) {
      if (d[i].className == 'log') {
        flip(d[i]);
      }
    }
  }
}

// -->
</script>

</head>
<body>
<h2 align='center'>Scenario 2 Test Cases</h2><table border='1' align="center">
<tr>
<td>Tests passed/Failed/Skipped:</td><td>6/1/1</td>
</tr><tr>
<td>Started on:</td><td>Fri Aug 10 10:32:22 IST 2018</td>
</tr>
<tr><td>Total time:</td><td>37 seconds (37586 ms)</td>
</tr><tr>
<td>Included groups:</td><td></td>
</tr><tr>
<td>Excluded groups:</td><td></td>
</tr>
</table><p/>
<small><i>(Hover the method name to see the test class name)</i></small><p/>
<table width='100%' border='1' class='invocation-failed'>
<tr><td colspan='4' align='center'><b>FAILED TESTS</b></td></tr>
<tr><td><b>Test method</b></td>
<td width="30%"><b>Exception</b></td>
<td width="10%"><b>Time (seconds)</b></td>
<td><b>Instance</b></td>
</tr>
<tr>
<td title='com.r1v2.backend.pagebuilder.module.ScenarioCamapignPage.testPG_7()'><b>testPG_7</b><br>Test class: com.r1v2.backend.pagebuilder.module.ScenarioCamapignPage<br/>
<a href="#Output-2142052682" onClick='toggleBox("Output-2142052682", this, "Show output", "Hide output");'>Show output</a>

<a href="#Output-2142052682" onClick="toggleAllBoxes();">Show all outputs</a>
<div class='log' id="Output-2142052682">
<br>[Ljava.lang.String;@4dad0eed is present<br/>
<br>Clicked on <br/>
</div>
</td>
<td><div><pre>java.lang.AssertionError:  Responsive Content  data  passing on Responsive Editor  expected [true] but found [false]
	at org.testng.Assert.fail(Assert.java:96)
	at org.testng.Assert.failNotEquals(Assert.java:776)
	at org.testng.Assert.assertEqualsImpl(Assert.java:137)
	at org.testng.Assert.assertEquals(Assert.java:118)
	at org.testng.Assert.assertEquals(Assert.java:568)
	at com.r1v2.backend.pagebuilder.module.ScenarioCamapignPage.testPG_7(ScenarioCamapignPage.java:108)
	at sun.reflect.NativeMethodAccessorImpl.invoke0(Native Method)
	at sun.reflect.NativeMethodAccessorImpl.invoke(NativeMethodAccessorImpl.java:62)
	at sun.reflect.DelegatingMethodAccessorImpl.invoke(DelegatingMethodAccessorImpl.java:43)
	at java.lang.reflect.Method.invoke(Method.java:497)
	at org.testng.internal.MethodInvocationHelper.invokeMethod(MethodInvocationHelper.java:124)
	at org.testng.internal.Invoker.invokeMethod(Invoker.java:583)
	at org.testng.internal.Invoker.invokeTestMethod(Invoker.java:719)
	at org.testng.internal.Invoker.invokeTestMethods(Invoker.java:989)
	at org.testng.internal.TestMethodWorker.invokeTestMethods(TestMethodWorker.java:125)
	at org.testng.internal.TestMethodWorker.run(TestMethodWorker.java:109)
	at org.testng.TestRunner.privateRun(TestRunner.java:648)
	at org.testng.TestRunner.run(TestRunner.java:505)
	at org.testng.SuiteRunner.runTest(SuiteRunner.java:455)
	at org.testng.SuiteRunner.runSequentially(SuiteRunner.java:450)
	at org.testng.SuiteRunner.privateRun(SuiteRunner.java:415)
	at org.testng.SuiteRunner.run(SuiteRunner.java:364)
	at org.testng.SuiteRunnerWorker.runSuite(SuiteRunnerWorker.java:52)
	at org.testng.SuiteRunnerWorker.run(SuiteRunnerWorker.java:84)
	at org.testng.TestNG.runSuitesSequentially(TestNG.java:1208)
	at org.testng.TestNG.runSuitesLocally(TestNG.java:1137)
	at org.testng.TestNG.runSuites(TestNG.java:1049)
	at org.testng.TestNG.run(TestNG.java:1017)
	at org.testng.remote.AbstractRemoteTestNG.run(AbstractRemoteTestNG.java:114)
	at org.testng.remote.RemoteTestNG.initAndRun(RemoteTestNG.java:251)
	at org.testng.remote.RemoteTestNG.main(RemoteTestNG.java:77)
</pre></div><a href='#' onClick='toggleBox("stack-trace2142052682", this, "Click to show all stack frames", "Click to hide stack frames")'>Click to show all stack frames</a>
<div class='stack-trace' id='stack-trace2142052682'><pre>java.lang.AssertionError:  Responsive Content  data  passing on Responsive Editor  expected [true] but found [false]
	at org.testng.Assert.fail(Assert.java:96)
	at org.testng.Assert.failNotEquals(Assert.java:776)
	at org.testng.Assert.assertEqualsImpl(Assert.java:137)
	at org.testng.Assert.assertEquals(Assert.java:118)
	at org.testng.Assert.assertEquals(Assert.java:568)
	at com.r1v2.backend.pagebuilder.module.ScenarioCamapignPage.testPG_7(ScenarioCamapignPage.java:108)
	at sun.reflect.NativeMethodAccessorImpl.invoke0(Native Method)
	at sun.reflect.NativeMethodAccessorImpl.invoke(NativeMethodAccessorImpl.java:62)
	at sun.reflect.DelegatingMethodAccessorImpl.invoke(DelegatingMethodAccessorImpl.java:43)
	at java.lang.reflect.Method.invoke(Method.java:497)
	at org.testng.internal.MethodInvocationHelper.invokeMethod(MethodInvocationHelper.java:124)
	at org.testng.internal.Invoker.invokeMethod(Invoker.java:583)
	at org.testng.internal.Invoker.invokeTestMethod(Invoker.java:719)
	at org.testng.internal.Invoker.invokeTestMethods(Invoker.java:989)
	at org.testng.internal.TestMethodWorker.invokeTestMethods(TestMethodWorker.java:125)
	at org.testng.internal.TestMethodWorker.run(TestMethodWorker.java:109)
	at org.testng.TestRunner.privateRun(TestRunner.java:648)
	at org.testng.TestRunner.run(TestRunner.java:505)
	at org.testng.SuiteRunner.runTest(SuiteRunner.java:455)
	at org.testng.SuiteRunner.runSequentially(SuiteRunner.java:450)
	at org.testng.SuiteRunner.privateRun(SuiteRunner.java:415)
	at org.testng.SuiteRunner.run(SuiteRunner.java:364)
	at org.testng.SuiteRunnerWorker.runSuite(SuiteRunnerWorker.java:52)
	at org.testng.SuiteRunnerWorker.run(SuiteRunnerWorker.java:84)
	at org.testng.TestNG.runSuitesSequentially(TestNG.java:1208)
	at org.testng.TestNG.runSuitesLocally(TestNG.java:1137)
	at org.testng.TestNG.runSuites(TestNG.java:1049)
	at org.testng.TestNG.run(TestNG.java:1017)
	at org.testng.remote.AbstractRemoteTestNG.run(AbstractRemoteTestNG.java:114)
	at org.testng.remote.RemoteTestNG.initAndRun(RemoteTestNG.java:251)
	at org.testng.remote.RemoteTestNG.main(RemoteTestNG.java:77)
</pre></div></td>
<td>5</td>
<td>com.r1v2.backend.pagebuilder.module.ScenarioCamapignPage@711f39f9</td></tr>
</table><p>
<table width='100%' border='1' class='invocation-passed'>
<tr><td colspan='4' align='center'><b>PASSED TESTS</b></td></tr>
<tr><td><b>Test method</b></td>
<td width="30%"><b>Exception</b></td>
<td width="10%"><b>Time (seconds)</b></td>
<td><b>Instance</b></td>
</tr>
<tr>
<td title='com.r1v2.backend.pagebuilder.module.ScenarioCamapignPage.testPG_1()'><b>testPG_1</b><br>Test class: com.r1v2.backend.pagebuilder.module.ScenarioCamapignPage<br/>
<a href="#Output-1785111044" onClick='toggleBox("Output-1785111044", this, "Show output", "Hide output");'>Show output</a>

<a href="#Output-1785111044" onClick="toggleAllBoxes();">Show all outputs</a>
<div class='log' id="Output-1785111044">
<br>[Ljava.lang.String;@44e3760b is present<br/>
<br>Clicked on Select Organization<br/>
<br>[Ljava.lang.String;@669513d8 is present<br/>
<br>Clicked on Site List<br/>
<br>[Ljava.lang.String;@70925b45 is present<br/>
<br>Entered value nissancelaya.stg-izdemosite.com<br/>
<br>[Ljava.lang.String;@1c05a54d is present<br/>
<br>Clicked on NISSAN AUTOCOM CELAYA<br/>
<br>[Ljava.lang.String;@71154f21 is present<br/>
<br>Clicked on Site Builder<br/>
<br>[Ljava.lang.String;@1c6e0a08 is present<br/>
<br>Clicked on Page Builder<br/>
<br>[Ljava.lang.String;@5b3f3ba0 is present<br/>
<br>Clicked on Add new Page<br/>
</div>
</td>
<td></td>
<td>18</td>
<td>com.r1v2.backend.pagebuilder.module.ScenarioCamapignPage@711f39f9</td></tr>
<tr>
<td title='com.r1v2.backend.pagebuilder.module.ScenarioCamapignPage.testPG_2()'><b>testPG_2</b><br>Test class: com.r1v2.backend.pagebuilder.module.ScenarioCamapignPage<br/>
<a href="#Output-1470400901" onClick='toggleBox("Output-1470400901", this, "Show output", "Hide output");'>Show output</a>

<a href="#Output-1470400901" onClick="toggleAllBoxes();">Show all outputs</a>
<div class='log' id="Output-1470400901">
<br>[Ljava.lang.String;@6972c30a is present<br/>
<br>Element Displayed <br/>
<br>CampaignPage Page RadioButton default is  selected on  PageBuilder page<br/>
<br>[Ljava.lang.String;@5f780a86 is present<br/>
<br>Clicked on <br/>
<br>CampaignPage Page RadioButton  is  selected on  PageBuilder page<br/>
</div>
</td>
<td></td>
<td>0</td>
<td>com.r1v2.backend.pagebuilder.module.ScenarioCamapignPage@711f39f9</td></tr>
<tr>
<td title='com.r1v2.backend.pagebuilder.module.ScenarioCamapignPage.testPG_3()'><b>testPG_3</b><br>Test class: com.r1v2.backend.pagebuilder.module.ScenarioCamapignPage<br/>
<a href="#Output-65310008" onClick='toggleBox("Output-65310008", this, "Show output", "Hide output");'>Show output</a>

<a href="#Output-65310008" onClick="toggleAllBoxes();">Show all outputs</a>
<div class='log' id="Output-65310008">
<br>[Ljava.lang.String;@23592946 is present<br/>
<br>Element Displayed *<br/>
<br>Field is mandatory<br/>
<br>[Ljava.lang.String;@ac20bb4 is present<br/>
<br>Clicked on <br/>
<br>Alert Popup is Display<br/>
<br>[Ljava.lang.String;@6944e53e is present<br/>
<br>Entered value campaign-pageus<br/>
<br>[Ljava.lang.String;@254f906e is present<br/>
<br>Element Displayed *<br/>
<br>Field is mandatory<br/>
<br>[Ljava.lang.String;@24a86066 is present<br/>
<br>Clicked on <br/>
<br>Alert Popup is Display<br/>
<br>[Ljava.lang.String;@28ee7bee is present<br/>
<br>Entered value campaign-page-mx<br/>
</div>
</td>
<td></td>
<td>1</td>
<td>com.r1v2.backend.pagebuilder.module.ScenarioCamapignPage@711f39f9</td></tr>
<tr>
<td title='com.r1v2.backend.pagebuilder.module.ScenarioCamapignPage.testPG_4()'><b>testPG_4</b><br>Test class: com.r1v2.backend.pagebuilder.module.ScenarioCamapignPage<br/>
<a href="#Output-1637411253" onClick='toggleBox("Output-1637411253", this, "Show output", "Hide output");'>Show output</a>

<a href="#Output-1637411253" onClick="toggleAllBoxes();">Show all outputs</a>
<div class='log' id="Output-1637411253">
<br>[Ljava.lang.String;@75156240 is present<br/>
</div>
</td>
<td></td>
<td>0</td>
<td>com.r1v2.backend.pagebuilder.module.ScenarioCamapignPage@711f39f9</td></tr>
<tr>
<td title='com.r1v2.backend.pagebuilder.module.ScenarioCamapignPage.testPG_6()'><b>testPG_6</b><br>Test class: com.r1v2.backend.pagebuilder.module.ScenarioCamapignPage<br/>
<a href="#Output-1447678234" onClick='toggleBox("Output-1447678234", this, "Show output", "Hide output");'>Show output</a>

<a href="#Output-1447678234" onClick="toggleAllBoxes();">Show all outputs</a>
<div class='log' id="Output-1447678234">
<br>[Ljava.lang.String;@759de304 is present<br/>
<br>Entered value Campaign Page Data for MX Server<br/>
</div>
</td>
<td></td>
<td>0</td>
<td>com.r1v2.backend.pagebuilder.module.ScenarioCamapignPage@711f39f9</td></tr>
<tr>
<td title='com.r1v2.backend.pagebuilder.module.ScenarioCamapignPage.testPG_8()'><b>testPG_8</b><br>Test class: com.r1v2.backend.pagebuilder.module.ScenarioCamapignPage<br/>
<a href="#Output-646337666" onClick='toggleBox("Output-646337666", this, "Show output", "Hide output");'>Show output</a>

<a href="#Output-646337666" onClick="toggleAllBoxes();">Show all outputs</a>
<div class='log' id="Output-646337666">
<br>[Ljava.lang.String;@51e754e1 is present<br/>
<br>Clicked on Logout<br/>
</div>
</td>
<td></td>
<td>0</td>
<td>com.r1v2.backend.pagebuilder.module.ScenarioCamapignPage@711f39f9</td></tr>
</table><p>
<table width='100%' border='1' class='invocation-skipped'>
<tr><td colspan='4' align='center'><b>SKIPPED TESTS</b></td></tr>
<tr><td><b>Test method</b></td>
<td width="30%"><b>Exception</b></td>
<td width="10%"><b>Time (seconds)</b></td>
<td><b>Instance</b></td>
</tr>
<tr>
<td title='com.r1v2.backend.pagebuilder.module.ScenarioCamapignPage.testPG_5()'><b>testPG_5</b><br>Test class: com.r1v2.backend.pagebuilder.module.ScenarioCamapignPage</td>
<td><div><pre>org.testng.SkipException: Skipping this Method
	at com.r1v2.backend.pagebuilder.module.ScenarioCamapignPage.testPG_5(ScenarioCamapignPage.java:91)
	at sun.reflect.NativeMethodAccessorImpl.invoke0(Native Method)
	at sun.reflect.NativeMethodAccessorImpl.invoke(NativeMethodAccessorImpl.java:62)
	at sun.reflect.DelegatingMethodAccessorImpl.invoke(DelegatingMethodAccessorImpl.java:43)
	at java.lang.reflect.Method.invoke(Method.java:497)
	at org.testng.internal.MethodInvocationHelper.invokeMethod(MethodInvocationHelper.java:124)
	at org.testng.internal.Invoker.invokeMethod(Invoker.java:583)
	at org.testng.internal.Invoker.invokeTestMethod(Invoker.java:719)
	at org.testng.internal.Invoker.invokeTestMethods(Invoker.java:989)
	at org.testng.internal.TestMethodWorker.invokeTestMethods(TestMethodWorker.java:125)
	at org.testng.internal.TestMethodWorker.run(TestMethodWorker.java:109)
	at org.testng.TestRunner.privateRun(TestRunner.java:648)
	at org.testng.TestRunner.run(TestRunner.java:505)
	at org.testng.SuiteRunner.runTest(SuiteRunner.java:455)
	at org.testng.SuiteRunner.runSequentially(SuiteRunner.java:450)
	at org.testng.SuiteRunner.privateRun(SuiteRunner.java:415)
	at org.testng.SuiteRunner.run(SuiteRunner.java:364)
	at org.testng.SuiteRunnerWorker.runSuite(SuiteRunnerWorker.java:52)
	at org.testng.SuiteRunnerWorker.run(SuiteRunnerWorker.java:84)
	at org.testng.TestNG.runSuitesSequentially(TestNG.java:1208)
	at org.testng.TestNG.runSuitesLocally(TestNG.java:1137)
	at org.testng.TestNG.runSuites(TestNG.java:1049)
	at org.testng.TestNG.run(TestNG.java:1017)
	at org.testng.remote.AbstractRemoteTestNG.run(AbstractRemoteTestNG.java:114)
	at org.testng.remote.RemoteTestNG.initAndRun(RemoteTestNG.java:251)
	at org.testng.remote.RemoteTestNG.main(RemoteTestNG.java:77)
</pre></div><a href='#' onClick='toggleBox("stack-trace2127123542", this, "Click to show all stack frames", "Click to hide stack frames")'>Click to show all stack frames</a>
<div class='stack-trace' id='stack-trace2127123542'><pre>org.testng.SkipException: Skipping this Method
	at com.r1v2.backend.pagebuilder.module.ScenarioCamapignPage.testPG_5(ScenarioCamapignPage.java:91)
	at sun.reflect.NativeMethodAccessorImpl.invoke0(Native Method)
	at sun.reflect.NativeMethodAccessorImpl.invoke(NativeMethodAccessorImpl.java:62)
	at sun.reflect.DelegatingMethodAccessorImpl.invoke(DelegatingMethodAccessorImpl.java:43)
	at java.lang.reflect.Method.invoke(Method.java:497)
	at org.testng.internal.MethodInvocationHelper.invokeMethod(MethodInvocationHelper.java:124)
	at org.testng.internal.Invoker.invokeMethod(Invoker.java:583)
	at org.testng.internal.Invoker.invokeTestMethod(Invoker.java:719)
	at org.testng.internal.Invoker.invokeTestMethods(Invoker.java:989)
	at org.testng.internal.TestMethodWorker.invokeTestMethods(TestMethodWorker.java:125)
	at org.testng.internal.TestMethodWorker.run(TestMethodWorker.java:109)
	at org.testng.TestRunner.privateRun(TestRunner.java:648)
	at org.testng.TestRunner.run(TestRunner.java:505)
	at org.testng.SuiteRunner.runTest(SuiteRunner.java:455)
	at org.testng.SuiteRunner.runSequentially(SuiteRunner.java:450)
	at org.testng.SuiteRunner.privateRun(SuiteRunner.java:415)
	at org.testng.SuiteRunner.run(SuiteRunner.java:364)
	at org.testng.SuiteRunnerWorker.runSuite(SuiteRunnerWorker.java:52)
	at org.testng.SuiteRunnerWorker.run(SuiteRunnerWorker.java:84)
	at org.testng.TestNG.runSuitesSequentially(TestNG.java:1208)
	at org.testng.TestNG.runSuitesLocally(TestNG.java:1137)
	at org.testng.TestNG.runSuites(TestNG.java:1049)
	at org.testng.TestNG.run(TestNG.java:1017)
	at org.testng.remote.AbstractRemoteTestNG.run(AbstractRemoteTestNG.java:114)
	at org.testng.remote.RemoteTestNG.initAndRun(RemoteTestNG.java:251)
	at org.testng.remote.RemoteTestNG.main(RemoteTestNG.java:77)
</pre></div></td>
<td>0</td>
<td>com.r1v2.backend.pagebuilder.module.ScenarioCamapignPage@711f39f9</td></tr>
</table><p>
</body>
</html>